Using pre-set license
Built from '6000.0/staging' branch; Version is '6000.0.32f1 (b2e806cf271c) revision 11724806'; Using compiler version '193933523'; Build Type 'Release'
OS: 'Windows 11  (10.0.22631) 64bit Core' Language: 'en' Physical Memory: 24397 MB
BatchMode: 1, IsHumanControllingUs: 0, StartBugReporterOnCrash: 0, Is64bit: 1, IsPro: 1

COMMAND LINE ARGUMENTS:
D:\Program Files\6000.0.32f1\Editor\Unity.exe
-adb2
-batchMode
-noUpm
-name
AssetImportWorker2
-projectPath
D:/SBE/FirstYear/1stTERM/Anatomy/Task3/PuzzleGame
-logFile
Logs/AssetImportWorker2.log
-srvPort
52097
-job-worker-count
5
-background-job-worker-count
8
-gc-helper-count
1
Successfully changed project path to: D:/SBE/FirstYear/1stTERM/Anatomy/Task3/PuzzleGame
D:/SBE/FirstYear/1stTERM/Anatomy/Task3/PuzzleGame
[UnityMemory] Configuration Parameters - Can be set up in boot.config
    "memorysetup-bucket-allocator-granularity=16"
    "memorysetup-bucket-allocator-bucket-count=8"
    "memorysetup-bucket-allocator-block-size=33554432"
    "memorysetup-bucket-allocator-block-count=8"
    "memorysetup-main-allocator-block-size=16777216"
    "memorysetup-thread-allocator-block-size=16777216"
    "memorysetup-gfx-main-allocator-block-size=16777216"
    "memorysetup-gfx-thread-allocator-block-size=16777216"
    "memorysetup-cache-allocator-block-size=4194304"
    "memorysetup-typetree-allocator-block-size=2097152"
    "memorysetup-profiler-bucket-allocator-granularity=16"
    "memorysetup-profiler-bucket-allocator-bucket-count=8"
    "memorysetup-profiler-bucket-allocator-block-size=33554432"
    "memorysetup-profiler-bucket-allocator-block-count=8"
    "memorysetup-profiler-allocator-block-size=16777216"
    "memorysetup-profiler-editor-allocator-block-size=1048576"
    "memorysetup-temp-allocator-size-main=16777216"
    "memorysetup-job-temp-allocator-block-size=2097152"
    "memorysetup-job-temp-allocator-block-size-background=1048576"
    "memorysetup-job-temp-allocator-reduction-small-platforms=262144"
    "memorysetup-allocator-temp-initial-block-size-main=262144"
    "memorysetup-allocator-temp-initial-block-size-worker=262144"
    "memorysetup-temp-allocator-size-background-worker=32768"
    "memorysetup-temp-allocator-size-job-worker=262144"
    "memorysetup-temp-allocator-size-preload-manager=33554432"
    "memorysetup-temp-allocator-size-nav-mesh-worker=65536"
    "memorysetup-temp-allocator-size-audio-worker=65536"
    "memorysetup-temp-allocator-size-cloud-worker=32768"
    "memorysetup-temp-allocator-size-gi-baking-worker=262144"
    "memorysetup-temp-allocator-size-gi-baking-worker=262144"
    "memorysetup-temp-allocator-size-gi-baking-worker=262144"
    "memorysetup-temp-allocator-size-gi-baking-worker=262144"
    "memorysetup-temp-allocator-size-gi-baking-worker=262144"
    "memorysetup-temp-allocator-size-gfx=262144"
Player connection [8048]  Target information:

Player connection [8048]  * "[IP] 192.168.56.1 [Port] 0 [Flags] 2 [Guid] 1254175392 [EditorId] 1254175392 [Version] 1048832 [Id] WindowsEditor(7,MohamedBadawy) [Debug] 1 [PackageName] WindowsEditor [ProjectName] Editor" 

Player connection [8048]  * "[IP] 192.168.1.4 [Port] 0 [Flags] 2 [Guid] 1254175392 [EditorId] 1254175392 [Version] 1048832 [Id] WindowsEditor(7,MohamedBadawy) [Debug] 1 [PackageName] WindowsEditor [ProjectName] Editor" 

Player connection [8048] Host joined multi-casting on [225.0.0.222:54997]...
Player connection [8048] Host joined alternative multi-casting on [225.0.0.222:34997]...
JobSystem: Creating JobQueue using job-worker-count value 5
[Physics::Module] Initialized fallback backend.
[Physics::Module] Id: 0xdecafbad
Library Redirect Path: Library/
[Physics::Module] Selected backend.
[Physics::Module] Name: PhysX
[Physics::Module] Id: 0xf2b8ea05
[Physics::Module] SDK Version: 4.1.2
[Physics::Module] Integration Version: 1.0.0
[Physics::Module] Threading Mode: Multi-Threaded
Refreshing native plugins compatible for Editor in 1.99 ms, found 3 plugins.
Preloading 0 native plugins for Editor in 0.00 ms.
Initialize engine version: 6000.0.32f1 (b2e806cf271c)
[Subsystems] Discovering subsystems at path D:/Program Files/6000.0.32f1/Editor/Data/Resources/UnitySubsystems
[Subsystems] Discovering subsystems at path D:/SBE/FirstYear/1stTERM/Anatomy/Task3/PuzzleGame/Assets
GfxDevice: creating device client; kGfxThreadingModeNonThreaded
Direct3D:
    Version:  Direct3D 11.0 [level 11.1]
    Renderer: NVIDIA GeForce GTX 1650 with Max-Q Design (ID=0x1f9d)
    Vendor:   NVIDIA
    VRAM:     3962 MB
    Driver:   30.0.15.1165
Initialize mono
Mono path[0] = 'D:/Program Files/6000.0.32f1/Editor/Data/Managed'
Mono path[1] = 'D:/Program Files/6000.0.32f1/Editor/Data/MonoBleedingEdge/lib/mono/unityjit-win32'
Mono config path = 'D:/Program Files/6000.0.32f1/Editor/Data/MonoBleedingEdge/etc'
Using monoOptions --debugger-agent=transport=dt_socket,embedding=1,server=y,suspend=n,address=127.0.0.1:56664
Begin MonoManager ReloadAssembly
Registering precompiled unity dll's ...
Register platform support module: D:/Program Files/6000.0.32f1/Editor/Data/PlaybackEngines/WindowsStandaloneSupport/UnityEditor.WindowsStandalone.Extensions.dll
Registered in 0.002732 seconds.
- Loaded All Assemblies, in  0.581 seconds
Native extension for WindowsStandalone target not found
Mono: successfully reloaded assembly
- Finished resetting the current domain, in  0.481 seconds
Domain Reload Profiling: 1062ms
	BeginReloadAssembly (192ms)
		ExecutionOrderSort (0ms)
		DisableScriptedObjects (0ms)
		BackupInstance (0ms)
		ReleaseScriptingObjects (0ms)
		CreateAndSetChildDomain (1ms)
	RebuildCommonClasses (58ms)
	RebuildNativeTypeToScriptingClass (21ms)
	initialDomainReloadingComplete (63ms)
	LoadAllAssembliesAndSetupDomain (247ms)
		LoadAssemblies (191ms)
		RebuildTransferFunctionScriptingTraits (0ms)
		AnalyzeDomain (242ms)
			TypeCache.Refresh (239ms)
				TypeCache.ScanAssembly (217ms)
			BuildScriptInfoCaches (0ms)
			ResolveRequiredComponents (1ms)
	FinalizeReload (481ms)
		ReleaseScriptCaches (0ms)
		RebuildScriptCaches (0ms)
		SetupLoadedEditorAssemblies (402ms)
			LogAssemblyErrors (0ms)
			InitializePlatformSupportModulesInManaged (28ms)
			SetLoadedEditorAssemblies (5ms)
			BeforeProcessingInitializeOnLoad (78ms)
			ProcessInitializeOnLoadAttributes (220ms)
			ProcessInitializeOnLoadMethodAttributes (71ms)
			AfterProcessingInitializeOnLoad (0ms)
			EditorAssembliesLoaded (0ms)
		ExecutionOrderSort2 (0ms)
		AwakeInstancesAfterBackupRestoration (0ms)
========================================================================
Worker process is ready to serve import requests
Import Worker Mode flag is 0x00
Begin MonoManager ReloadAssembly
- Loaded All Assemblies, in  1.054 seconds
Refreshing native plugins compatible for Editor in 1.07 ms, found 3 plugins.
Native extension for WindowsStandalone target not found
Mono: successfully reloaded assembly
- Finished resetting the current domain, in  1.224 seconds
Domain Reload Profiling: 2277ms
	BeginReloadAssembly (243ms)
		ExecutionOrderSort (0ms)
		DisableScriptedObjects (7ms)
		BackupInstance (0ms)
		ReleaseScriptingObjects (0ms)
		CreateAndSetChildDomain (41ms)
	RebuildCommonClasses (49ms)
	RebuildNativeTypeToScriptingClass (21ms)
	initialDomainReloadingComplete (38ms)
	LoadAllAssembliesAndSetupDomain (702ms)
		LoadAssemblies (468ms)
		RebuildTransferFunctionScriptingTraits (0ms)
		AnalyzeDomain (381ms)
			TypeCache.Refresh (278ms)
				TypeCache.ScanAssembly (251ms)
			BuildScriptInfoCaches (88ms)
			ResolveRequiredComponents (13ms)
	FinalizeReload (1225ms)
		ReleaseScriptCaches (0ms)
		RebuildScriptCaches (0ms)
		SetupLoadedEditorAssemblies (1006ms)
			LogAssemblyErrors (0ms)
			InitializePlatformSupportModulesInManaged (2ms)
			SetLoadedEditorAssemblies (5ms)
			BeforeProcessingInitializeOnLoad (133ms)
			ProcessInitializeOnLoadAttributes (745ms)
			ProcessInitializeOnLoadMethodAttributes (117ms)
			AfterProcessingInitializeOnLoad (3ms)
			EditorAssembliesLoaded (0ms)
		ExecutionOrderSort2 (0ms)
		AwakeInstancesAfterBackupRestoration (9ms)
Launched and connected shader compiler UnityShaderCompiler.exe after 0.02 seconds
Refreshing native plugins compatible for Editor in 1.11 ms, found 3 plugins.
Preloading 0 native plugins for Editor in 0.00 ms.
Unloading 211 Unused Serialized files (Serialized files now loaded: 0)
Unloading 5948 unused Assets / (4.8 MB). Loaded Objects now: 6657.
Memory consumption went from 175.6 MB to 170.8 MB.
Total: 14.798100 ms (FindLiveObjects: 0.793500 ms CreateObjectMapping: 1.591000 ms MarkObjects: 8.580200 ms  DeleteObjects: 3.831800 ms)

========================================================================
Received Prepare
Refreshing native plugins compatible for Editor in 1.28 ms, found 3 plugins.
Preloading 0 native plugins for Editor in 0.00 ms.
Unloading 13 Unused Serialized files (Serialized files now loaded: 0)
Unloading 13 unused Assets / (1.8 MB). Loaded Objects now: 6657.
Memory consumption went from 137.4 MB to 135.6 MB.
Total: 10.560200 ms (FindLiveObjects: 0.461500 ms CreateObjectMapping: 0.521200 ms MarkObjects: 8.981100 ms  DeleteObjects: 0.594600 ms)

Prepare: number of updated asset objects reloaded= 0
========================================================================
Received Import Request.
  Time since last request: 34479.957683 seconds.
  path: Assets/source/mouth_Roughness.png
  artifactKey: Guid(6693ba614a6891d48b290c4aa0bfe588) Importer(815301076,1909f56bfc062723c751e8b465ee728b)
Start importing Assets/source/mouth_Roughness.png using Guid(6693ba614a6891d48b290c4aa0bfe588) Importer(815301076,1909f56bfc062723c751e8b465ee728b) (PreviewImporter) -> (artifact id: 'b9a8ae03c7ed5118dd6f50e4b35a80f9') in 0.1029816 seconds
Number of updated asset objects reloaded before import = 0Number of asset objects unloaded after import = 2

========================================================================
Received Import Request.
  Time since last request: 0.000026 seconds.
  path: Assets/source/teeth_Normal_DirectX.png
  artifactKey: Guid(7cea1861a941d2446aa5e5b84ab416cc) Importer(815301076,1909f56bfc062723c751e8b465ee728b)
Start importing Assets/source/teeth_Normal_DirectX.png using Guid(7cea1861a941d2446aa5e5b84ab416cc) Importer(815301076,1909f56bfc062723c751e8b465ee728b) (PreviewImporter) -> (artifact id: 'a4e6675d9ce71838378c14fe038d4c5f') in 0.0139142 seconds
Number of updated asset objects reloaded before import = 0Number of asset objects unloaded after import = 2

========================================================================
Received Import Request.
  Time since last request: 0.000029 seconds.
  path: Assets/source/2 1.blend
  artifactKey: Guid(9cb3613cd2d052a4ca7cc77ed445bcac) Importer(815301076,1909f56bfc062723c751e8b465ee728b)
Start importing Assets/source/2 1.blend using Guid(9cb3613cd2d052a4ca7cc77ed445bcac) Importer(815301076,1909f56bfc062723c751e8b465ee728b) (PreviewImporter) -> (artifact id: '422b5994c9a194caf7c45a4a972e606f') in 0.617981 seconds
Number of updated asset objects reloaded before import = 0Number of asset objects unloaded after import = 8

========================================================================
Received Import Request.
  Time since last request: 0.000040 seconds.
  path: Assets/source/Wallpaper(chosic.com).mp3
  artifactKey: Guid(dcafabca9181e044c8fec9416f4d4646) Importer(815301076,1909f56bfc062723c751e8b465ee728b)
Start importing Assets/source/Wallpaper(chosic.com).mp3 using Guid(dcafabca9181e044c8fec9416f4d4646) Importer(815301076,1909f56bfc062723c751e8b465ee728b) (PreviewImporter) -> (artifact id: '3e58868f1f8d87e342c0f4e3d4a68cab') in 0.0509174 seconds
Number of updated asset objects reloaded before import = 0Number of asset objects unloaded after import = 2

========================================================================
Received Import Request.
  Time since last request: 0.000056 seconds.
  path: Assets/source/Mouth.mat
  artifactKey: Guid(53528594d24973443a43b77bb3785ec6) Importer(815301076,1909f56bfc062723c751e8b465ee728b)
Start importing Assets/source/Mouth.mat using Guid(53528594d24973443a43b77bb3785ec6) Importer(815301076,1909f56bfc062723c751e8b465ee728b) (PreviewImporter) -> (artifact id: 'aca51afa4c038614ec2be33e4d37067a') in 0.042212 seconds
Number of updated asset objects reloaded before import = 0Number of asset objects unloaded after import = 4

========================================================================
Received Import Request.
  Time since last request: 0.000037 seconds.
  path: Assets/source/mouth_Scattering.png
  artifactKey: Guid(7a78ac4f4cc84c84ea3410b4dd7f41fe) Importer(815301076,1909f56bfc062723c751e8b465ee728b)
Start importing Assets/source/mouth_Scattering.png using Guid(7a78ac4f4cc84c84ea3410b4dd7f41fe) Importer(815301076,1909f56bfc062723c751e8b465ee728b) (PreviewImporter) -> (artifact id: 'e68a0a349845f6ee216dc33d6bc4e3aa') in 0.0142308 seconds
Number of updated asset objects reloaded before import = 0Number of asset objects unloaded after import = 2

========================================================================
Received Import Request.
  Time since last request: 0.000062 seconds.
  path: Assets/source/mouthWithoutTeeth.blend
  artifactKey: Guid(327e9f9a9fb331d41856910739aadec7) Importer(815301076,1909f56bfc062723c751e8b465ee728b)
Start importing Assets/source/mouthWithoutTeeth.blend using Guid(327e9f9a9fb331d41856910739aadec7) Importer(815301076,1909f56bfc062723c751e8b465ee728b) (PreviewImporter) -> (artifact id: 'b69bb923039682c3f15741d865905d73') in 0.0448022 seconds
Number of updated asset objects reloaded before import = 0Number of asset objects unloaded after import = 26

========================================================================
Received Import Request.
  Time since last request: 0.000055 seconds.
  path: Assets/source/1 1.blend
  artifactKey: Guid(7156704e56f9308408cb75c9d5836a5f) Importer(815301076,1909f56bfc062723c751e8b465ee728b)
Start importing Assets/source/1 1.blend using Guid(7156704e56f9308408cb75c9d5836a5f) Importer(815301076,1909f56bfc062723c751e8b465ee728b) (PreviewImporter) -> (artifact id: '9d3bed48717ceac50e7b00a80c213e77') in 0.0349917 seconds
Number of updated asset objects reloaded before import = 0Number of asset objects unloaded after import = 26

========================================================================
Received Import Request.
  Time since last request: 0.000043 seconds.
  path: Assets/source/mouth_Normal_DirectX.png
  artifactKey: Guid(0d8e659a384be6c43a693770e2cfd049) Importer(815301076,1909f56bfc062723c751e8b465ee728b)
Start importing Assets/source/mouth_Normal_DirectX.png using Guid(0d8e659a384be6c43a693770e2cfd049) Importer(815301076,1909f56bfc062723c751e8b465ee728b) (PreviewImporter) -> (artifact id: '09bd04192141289199cc2f2115293c79') in 0.0208724 seconds
Number of updated asset objects reloaded before import = 0Number of asset objects unloaded after import = 2

========================================================================
Received Import Request.
  Time since last request: 0.000032 seconds.
  path: Assets/source/1.blend
  artifactKey: Guid(87951fa27211fa446bbc05fd6535ba49) Importer(815301076,1909f56bfc062723c751e8b465ee728b)
Start importing Assets/source/1.blend using Guid(87951fa27211fa446bbc05fd6535ba49) Importer(815301076,1909f56bfc062723c751e8b465ee728b) (PreviewImporter) -> (artifact id: 'd3a9a9331f605c51e417d520b3d714a3') in 0.0338195 seconds
Number of updated asset objects reloaded before import = 0Number of asset objects unloaded after import = 26

========================================================================
Received Import Request.
  Time since last request: 0.000034 seconds.
  path: Assets/source/2.blend
  artifactKey: Guid(5fef2e16843bcae4ba54cd3c9ae40362) Importer(815301076,1909f56bfc062723c751e8b465ee728b)
Start importing Assets/source/2.blend using Guid(5fef2e16843bcae4ba54cd3c9ae40362) Importer(815301076,1909f56bfc062723c751e8b465ee728b) (PreviewImporter) -> (artifact id: '90a801f722d973397f12fab21c396f22') in 0.0217821 seconds
Number of updated asset objects reloaded before import = 0Number of asset objects unloaded after import = 8

========================================================================
Received Import Request.
  Time since last request: 0.000035 seconds.
  path: Assets/source/2022-09-18_mouth_sketchfab.blend
  artifactKey: Guid(69cea9c0ac170a644b513a18feca5718) Importer(815301076,1909f56bfc062723c751e8b465ee728b)
Start importing Assets/source/2022-09-18_mouth_sketchfab.blend using Guid(69cea9c0ac170a644b513a18feca5718) Importer(815301076,1909f56bfc062723c751e8b465ee728b) (PreviewImporter) -> (artifact id: '38ee6a81a5e6574269b8a857065fd632') in 0.0824568 seconds
Number of updated asset objects reloaded before import = 0Number of asset objects unloaded after import = 37

========================================================================
Received Import Request.
  Time since last request: 0.000047 seconds.
  path: Assets/source/upper.blend
  artifactKey: Guid(512b4453d84135c4ba904755267b9836) Importer(815301076,1909f56bfc062723c751e8b465ee728b)
Start importing Assets/source/upper.blend using Guid(512b4453d84135c4ba904755267b9836) Importer(815301076,1909f56bfc062723c751e8b465ee728b) (PreviewImporter) -> (artifact id: 'c2253840bb652c45721c960a9f65ec9d') in 0.0451418 seconds
Number of updated asset objects reloaded before import = 0Number of asset objects unloaded after import = 26

========================================================================
Received Import Request.
  Time since last request: 0.000048 seconds.
  path: Assets/source/teeth_Roughness.png
  artifactKey: Guid(1978b0bff0d40324ba7532654c58371d) Importer(815301076,1909f56bfc062723c751e8b465ee728b)
Start importing Assets/source/teeth_Roughness.png using Guid(1978b0bff0d40324ba7532654c58371d) Importer(815301076,1909f56bfc062723c751e8b465ee728b) (PreviewImporter) -> (artifact id: '43a8cf9c02605e275d16d0eb4ff2efcf') in 0.0137627 seconds
Number of updated asset objects reloaded before import = 0Number of asset objects unloaded after import = 2

========================================================================
Received Import Request.
  Time since last request: 0.000031 seconds.
  path: Assets/source/3.blend
  artifactKey: Guid(9858cf8ab4da451429a7e419c3f99a75) Importer(815301076,1909f56bfc062723c751e8b465ee728b)
Start importing Assets/source/3.blend using Guid(9858cf8ab4da451429a7e419c3f99a75) Importer(815301076,1909f56bfc062723c751e8b465ee728b) (PreviewImporter) -> (artifact id: 'ac6f2cc2c0f1db7e8791d896c3093d52') in 0.0337255 seconds
Number of updated asset objects reloaded before import = 0Number of asset objects unloaded after import = 14

========================================================================
Received Import Request.
  Time since last request: 0.000036 seconds.
  path: Assets/source/right.blend
  artifactKey: Guid(d3d76a4261ee4cd47a5b2c3e9b371b04) Importer(815301076,1909f56bfc062723c751e8b465ee728b)
Start importing Assets/source/right.blend using Guid(d3d76a4261ee4cd47a5b2c3e9b371b04) Importer(815301076,1909f56bfc062723c751e8b465ee728b) (PreviewImporter) -> (artifact id: '41fbdaaf59a2258e5967b8b482a56bfe') in 0.0517787 seconds
Number of updated asset objects reloaded before import = 0Number of asset objects unloaded after import = 31

========================================================================
Received Import Request.
  Time since last request: 0.000047 seconds.
  path: Assets/source/left.blend
  artifactKey: Guid(d4f836be1682e2d46aa91b17d790c78b) Importer(815301076,1909f56bfc062723c751e8b465ee728b)
Start importing Assets/source/left.blend using Guid(d4f836be1682e2d46aa91b17d790c78b) Importer(815301076,1909f56bfc062723c751e8b465ee728b) (PreviewImporter) -> (artifact id: 'f013594436bcdec4456af0114c030a35') in 0.0475956 seconds
Number of updated asset objects reloaded before import = 0Number of asset objects unloaded after import = 31

========================================================================
Received Import Request.
  Time since last request: 0.000039 seconds.
  path: Assets/source/teeth_Base_color.png
  artifactKey: Guid(d56c6184b1cb7d341b07473f2671fbc3) Importer(815301076,1909f56bfc062723c751e8b465ee728b)
Start importing Assets/source/teeth_Base_color.png using Guid(d56c6184b1cb7d341b07473f2671fbc3) Importer(815301076,1909f56bfc062723c751e8b465ee728b) (PreviewImporter) -> (artifact id: 'b0655d5cb71b7caeceabe62e469e4850') in 0.016696 seconds
Number of updated asset objects reloaded before import = 0Number of asset objects unloaded after import = 2

========================================================================
Received Import Request.
  Time since last request: 1.025249 seconds.
  path: Assets/InputSystem_Actions.inputactions
  artifactKey: Guid(052faaac586de48259a63d0c4782560b) Importer(815301076,1909f56bfc062723c751e8b465ee728b)
Start importing Assets/InputSystem_Actions.inputactions using Guid(052faaac586de48259a63d0c4782560b) Importer(815301076,1909f56bfc062723c751e8b465ee728b) (PreviewImporter) -> (artifact id: '15be5ba4d5b2b3ffcc56475d7901d8b3') in 0.0084644 seconds
Number of updated asset objects reloaded before import = 0Number of asset objects unloaded after import = 20

========================================================================
Received Import Request.
  Time since last request: 0.000030 seconds.
  path: Assets/Tree.prefab
  artifactKey: Guid(da7843c1e996c194abd99b30dda309d8) Importer(815301076,1909f56bfc062723c751e8b465ee728b)
Start importing Assets/Tree.prefab using Guid(da7843c1e996c194abd99b30dda309d8) Importer(815301076,1909f56bfc062723c751e8b465ee728b) (PreviewImporter) -> (artifact id: '39d3b2f087daa59ab63af748f4a3eb32') in 0.0333683 seconds
Number of updated asset objects reloaded before import = 0Number of asset objects unloaded after import = 15

========================================================================
Received Import Request.
  Time since last request: 0.000035 seconds.
  path: Assets/Readme.asset
  artifactKey: Guid(8105016687592461f977c054a80ce2f2) Importer(815301076,1909f56bfc062723c751e8b465ee728b)
Start importing Assets/Readme.asset using Guid(8105016687592461f977c054a80ce2f2) Importer(815301076,1909f56bfc062723c751e8b465ee728b) (PreviewImporter) -> (artifact id: '50ea5ad2cda8720781b90d71f311d8d1') in 0.0028917 seconds
Number of updated asset objects reloaded before import = 0Number of asset objects unloaded after import = 2

========================================================================
Received Import Request.
  Time since last request: 3.954429 seconds.
  path: Assets/PuzzleGame.unity
  artifactKey: Guid(53deaf0a167dbd5478de7f17a884dd20) Importer(815301076,1909f56bfc062723c751e8b465ee728b)
Start importing Assets/PuzzleGame.unity using Guid(53deaf0a167dbd5478de7f17a884dd20) Importer(815301076,1909f56bfc062723c751e8b465ee728b) (PreviewImporter) -> (artifact id: '4d83b5cfa0b38000a449e6e2814ad069') in 0.0006363 seconds
Number of updated asset objects reloaded before import = 0Number of asset objects unloaded after import = 0

========================================================================
Received Import Request.
  Time since last request: 1.118444 seconds.
  path: Assets/menu.unity
  artifactKey: Guid(4e1c5152c79104c41929758a92127bae) Importer(815301076,1909f56bfc062723c751e8b465ee728b)
Start importing Assets/menu.unity using Guid(4e1c5152c79104c41929758a92127bae) Importer(815301076,1909f56bfc062723c751e8b465ee728b) (PreviewImporter) -> (artifact id: 'bec860bb372af8fcb67e43b38252e6db') in 0.0006672 seconds
Number of updated asset objects reloaded before import = 0Number of asset objects unloaded after import = 0

========================================================================
Received Prepare
Begin MonoManager ReloadAssembly
- Loaded All Assemblies, in  0.782 seconds
Refreshing native plugins compatible for Editor in 1.02 ms, found 3 plugins.
Native extension for WindowsStandalone target not found
Mono: successfully reloaded assembly
- Finished resetting the current domain, in  1.024 seconds
Domain Reload Profiling: 1808ms
	BeginReloadAssembly (263ms)
		ExecutionOrderSort (0ms)
		DisableScriptedObjects (21ms)
		BackupInstance (0ms)
		ReleaseScriptingObjects (0ms)
		CreateAndSetChildDomain (74ms)
	RebuildCommonClasses (41ms)
	RebuildNativeTypeToScriptingClass (14ms)
	initialDomainReloadingComplete (26ms)
	LoadAllAssembliesAndSetupDomain (439ms)
		LoadAssemblies (357ms)
		RebuildTransferFunctionScriptingTraits (0ms)
		AnalyzeDomain (203ms)
			TypeCache.Refresh (9ms)
				TypeCache.ScanAssembly (0ms)
			BuildScriptInfoCaches (179ms)
			ResolveRequiredComponents (12ms)
	FinalizeReload (1024ms)
		ReleaseScriptCaches (0ms)
		RebuildScriptCaches (0ms)
		SetupLoadedEditorAssemblies (771ms)
			LogAssemblyErrors (0ms)
			InitializePlatformSupportModulesInManaged (2ms)
			SetLoadedEditorAssemblies (3ms)
			BeforeProcessingInitializeOnLoad (111ms)
			ProcessInitializeOnLoadAttributes (588ms)
			ProcessInitializeOnLoadMethodAttributes (65ms)
			AfterProcessingInitializeOnLoad (2ms)
			EditorAssembliesLoaded (0ms)
		ExecutionOrderSort2 (0ms)
		AwakeInstancesAfterBackupRestoration (15ms)
Refreshing native plugins compatible for Editor in 1.21 ms, found 3 plugins.
Preloading 0 native plugins for Editor in 0.00 ms.
Unloading 23 Unused Serialized files (Serialized files now loaded: 0)
Unloading 5946 unused Assets / (4.3 MB). Loaded Objects now: 6747.
Memory consumption went from 166.2 MB to 161.9 MB.
Total: 12.812500 ms (FindLiveObjects: 1.067300 ms CreateObjectMapping: 1.556700 ms MarkObjects: 6.893900 ms  DeleteObjects: 3.293300 ms)

Prepare: number of updated asset objects reloaded= 0
========================================================================
Received Import Request.
  Time since last request: 64.609808 seconds.
  path: Assets/source
  artifactKey: Guid(0c061f731e0f000469a77c8d1a800526) Importer(815301076,1909f56bfc062723c751e8b465ee728b)
Start importing Assets/source using Guid(0c061f731e0f000469a77c8d1a800526) Importer(815301076,1909f56bfc062723c751e8b465ee728b) (PreviewImporter) -> (artifact id: '96f9a9676da86910e0b2ec6c9e4c8f56') in 0.0050755 seconds
Number of updated asset objects reloaded before import = 0Number of asset objects unloaded after import = 0

========================================================================
Received Import Request.
  Time since last request: 8.187062 seconds.
  path: Assets/source/DragAndSnap.cs
  artifactKey: Guid(f132d94000e8a514a9fafc4471ec5730) Importer(815301076,1909f56bfc062723c751e8b465ee728b)
Start importing Assets/source/DragAndSnap.cs using Guid(f132d94000e8a514a9fafc4471ec5730) Importer(815301076,1909f56bfc062723c751e8b465ee728b) (PreviewImporter) -> (artifact id: '467e1e2dc2509d1832ee2b2f4e1fe42d') in 0.0005858 seconds
Number of updated asset objects reloaded before import = 0Number of asset objects unloaded after import = 0

========================================================================
Received Import Request.
  Time since last request: 21.344110 seconds.
  path: Assets/source/GameManager.cs
  artifactKey: Guid(9788e9a3e387a71468a691b3211ba60d) Importer(815301076,1909f56bfc062723c751e8b465ee728b)
Start importing Assets/source/GameManager.cs using Guid(9788e9a3e387a71468a691b3211ba60d) Importer(815301076,1909f56bfc062723c751e8b465ee728b) (PreviewImporter) -> (artifact id: '52826f24fc859057c3b704751a716814') in 0.0005189 seconds
Number of updated asset objects reloaded before import = 0Number of asset objects unloaded after import = 0

========================================================================
Received Import Request.
  Time since last request: 10.565299 seconds.
  path: Assets/source/TextHandler.cs
  artifactKey: Guid(9ec1c158c314ded4fabba99916910871) Importer(815301076,1909f56bfc062723c751e8b465ee728b)
Start importing Assets/source/TextHandler.cs using Guid(9ec1c158c314ded4fabba99916910871) Importer(815301076,1909f56bfc062723c751e8b465ee728b) (PreviewImporter) -> (artifact id: '2b8e3bc568e541dd8414345bd64f9d15') in 0.0005822 seconds
Number of updated asset objects reloaded before import = 0Number of asset objects unloaded after import = 0

========================================================================
Received Import Request.
  Time since last request: 8.805459 seconds.
  path: Assets/source/RotateObjectSmoothly.cs
  artifactKey: Guid(a52e73554fac14f47b924c8bcfc4eae5) Importer(815301076,1909f56bfc062723c751e8b465ee728b)
Start importing Assets/source/RotateObjectSmoothly.cs using Guid(a52e73554fac14f47b924c8bcfc4eae5) Importer(815301076,1909f56bfc062723c751e8b465ee728b) (PreviewImporter) -> (artifact id: '7236ba77a641a72ccfbc079254578772') in 0.0005466 seconds
Number of updated asset objects reloaded before import = 0Number of asset objects unloaded after import = 0

========================================================================
Received Prepare
Begin MonoManager ReloadAssembly
- Loaded All Assemblies, in  0.819 seconds
Refreshing native plugins compatible for Editor in 1.07 ms, found 3 plugins.
Native extension for WindowsStandalone target not found
Mono: successfully reloaded assembly
- Finished resetting the current domain, in  0.964 seconds
Domain Reload Profiling: 1787ms
	BeginReloadAssembly (229ms)
		ExecutionOrderSort (0ms)
		DisableScriptedObjects (7ms)
		BackupInstance (0ms)
		ReleaseScriptingObjects (0ms)
		CreateAndSetChildDomain (67ms)
	RebuildCommonClasses (49ms)
	RebuildNativeTypeToScriptingClass (16ms)
	initialDomainReloadingComplete (26ms)
	LoadAllAssembliesAndSetupDomain (502ms)
		LoadAssemblies (357ms)
		RebuildTransferFunctionScriptingTraits (0ms)
		AnalyzeDomain (260ms)
			TypeCache.Refresh (10ms)
				TypeCache.ScanAssembly (1ms)
			BuildScriptInfoCaches (224ms)
			ResolveRequiredComponents (21ms)
	FinalizeReload (965ms)
		ReleaseScriptCaches (0ms)
		RebuildScriptCaches (0ms)
		SetupLoadedEditorAssemblies (752ms)
			LogAssemblyErrors (0ms)
			InitializePlatformSupportModulesInManaged (3ms)
			SetLoadedEditorAssemblies (6ms)
			BeforeProcessingInitializeOnLoad (114ms)
			ProcessInitializeOnLoadAttributes (572ms)
			ProcessInitializeOnLoadMethodAttributes (54ms)
			AfterProcessingInitializeOnLoad (2ms)
			EditorAssembliesLoaded (0ms)
		ExecutionOrderSort2 (0ms)
		AwakeInstancesAfterBackupRestoration (12ms)
Refreshing native plugins compatible for Editor in 1.15 ms, found 3 plugins.
Preloading 0 native plugins for Editor in 0.00 ms.
Unloading 13 Unused Serialized files (Serialized files now loaded: 0)
Unloading 5945 unused Assets / (3.9 MB). Loaded Objects now: 6749.
Memory consumption went from 164.3 MB to 160.4 MB.
Total: 8.357700 ms (FindLiveObjects: 0.741600 ms CreateObjectMapping: 0.978900 ms MarkObjects: 4.384900 ms  DeleteObjects: 2.250600 ms)

Prepare: number of updated asset objects reloaded= 0
========================================================================
Received Prepare
Begin MonoManager ReloadAssembly
- Loaded All Assemblies, in  0.740 seconds
Refreshing native plugins compatible for Editor in 0.99 ms, found 3 plugins.
Native extension for WindowsStandalone target not found
Mono: successfully reloaded assembly
- Finished resetting the current domain, in  0.932 seconds
Domain Reload Profiling: 1674ms
	BeginReloadAssembly (214ms)
		ExecutionOrderSort (0ms)
		DisableScriptedObjects (6ms)
		BackupInstance (0ms)
		ReleaseScriptingObjects (0ms)
		CreateAndSetChildDomain (49ms)
	RebuildCommonClasses (36ms)
	RebuildNativeTypeToScriptingClass (14ms)
	initialDomainReloadingComplete (31ms)
	LoadAllAssembliesAndSetupDomain (446ms)
		LoadAssemblies (333ms)
		RebuildTransferFunctionScriptingTraits (0ms)
		AnalyzeDomain (230ms)
			TypeCache.Refresh (7ms)
				TypeCache.ScanAssembly (0ms)
			BuildScriptInfoCaches (209ms)
			ResolveRequiredComponents (12ms)
	FinalizeReload (933ms)
		ReleaseScriptCaches (0ms)
		RebuildScriptCaches (0ms)
		SetupLoadedEditorAssemblies (732ms)
			LogAssemblyErrors (0ms)
			InitializePlatformSupportModulesInManaged (2ms)
			SetLoadedEditorAssemblies (5ms)
			BeforeProcessingInitializeOnLoad (125ms)
			ProcessInitializeOnLoadAttributes (543ms)
			ProcessInitializeOnLoadMethodAttributes (55ms)
			AfterProcessingInitializeOnLoad (2ms)
			EditorAssembliesLoaded (0ms)
		ExecutionOrderSort2 (0ms)
		AwakeInstancesAfterBackupRestoration (12ms)
Refreshing native plugins compatible for Editor in 1.08 ms, found 3 plugins.
Preloading 0 native plugins for Editor in 0.00 ms.
Unloading 13 Unused Serialized files (Serialized files now loaded: 0)
Unloading 5945 unused Assets / (4.6 MB). Loaded Objects now: 6751.
Memory consumption went from 164.3 MB to 159.7 MB.
Total: 9.479200 ms (FindLiveObjects: 0.742000 ms CreateObjectMapping: 1.436900 ms MarkObjects: 4.588100 ms  DeleteObjects: 2.711000 ms)

Prepare: number of updated asset objects reloaded= 0
========================================================================
Received Prepare
Begin MonoManager ReloadAssembly
- Loaded All Assemblies, in  0.725 seconds
Refreshing native plugins compatible for Editor in 0.98 ms, found 3 plugins.
Native extension for WindowsStandalone target not found
Mono: successfully reloaded assembly
- Finished resetting the current domain, in  0.940 seconds
Domain Reload Profiling: 1668ms
	BeginReloadAssembly (204ms)
		ExecutionOrderSort (0ms)
		DisableScriptedObjects (6ms)
		BackupInstance (0ms)
		ReleaseScriptingObjects (0ms)
		CreateAndSetChildDomain (49ms)
	RebuildCommonClasses (37ms)
	RebuildNativeTypeToScriptingClass (18ms)
	initialDomainReloadingComplete (26ms)
	LoadAllAssembliesAndSetupDomain (441ms)
		LoadAssemblies (340ms)
		RebuildTransferFunctionScriptingTraits (0ms)
		AnalyzeDomain (208ms)
			TypeCache.Refresh (7ms)
				TypeCache.ScanAssembly (0ms)
			BuildScriptInfoCaches (187ms)
			ResolveRequiredComponents (12ms)
	FinalizeReload (940ms)
		ReleaseScriptCaches (0ms)
		RebuildScriptCaches (0ms)
		SetupLoadedEditorAssemblies (742ms)
			LogAssemblyErrors (0ms)
			InitializePlatformSupportModulesInManaged (2ms)
			SetLoadedEditorAssemblies (5ms)
			BeforeProcessingInitializeOnLoad (112ms)
			ProcessInitializeOnLoadAttributes (560ms)
			ProcessInitializeOnLoadMethodAttributes (60ms)
			AfterProcessingInitializeOnLoad (2ms)
			EditorAssembliesLoaded (0ms)
		ExecutionOrderSort2 (0ms)
		AwakeInstancesAfterBackupRestoration (13ms)
Refreshing native plugins compatible for Editor in 1.84 ms, found 3 plugins.
Preloading 0 native plugins for Editor in 0.00 ms.
Unloading 13 Unused Serialized files (Serialized files now loaded: 0)
Unloading 5945 unused Assets / (4.1 MB). Loaded Objects now: 6753.
Memory consumption went from 164.3 MB to 160.3 MB.
Total: 10.861000 ms (FindLiveObjects: 0.928900 ms CreateObjectMapping: 1.528200 ms MarkObjects: 5.431300 ms  DeleteObjects: 2.971400 ms)

Prepare: number of updated asset objects reloaded= 0
